c:\users\domin\documents\visual studio 2017\projects\projekt\projekt\debug\projekt.pch
c:\users\domin\documents\visual studio 2017\projects\projekt\projekt\debug\vc141.pdb
c:\users\domin\documents\visual studio 2017\projects\projekt\projekt\debug\vc141.idb
c:\users\domin\documents\visual studio 2017\projects\projekt\projekt\debug\stdafx.obj
c:\users\domin\documents\visual studio 2017\projects\projekt\projekt\debug\binarnirelace.obj
c:\users\domin\documents\visual studio 2017\projects\projekt\projekt\debug\projekt.obj
c:\users\domin\documents\visual studio 2017\projects\projekt\projekt\debug\tranzitivniuzaver.obj
c:\users\domin\documents\visual studio 2017\projects\projekt\debug\projekt.ilk
c:\users\domin\documents\visual studio 2017\projects\projekt\debug\projekt.exe
c:\users\domin\documents\visual studio 2017\projects\projekt\debug\projekt.pdb
c:\users\domin\documents\visual studio 2017\projects\projekt\projekt\debug\projekt.res
c:\users\domin\documents\visual studio 2017\projects\projekt\projekt\debug\projekt.tlog\cl.command.1.tlog
c:\users\domin\documents\visual studio 2017\projects\projekt\projekt\debug\projekt.tlog\cl.read.1.tlog
c:\users\domin\documents\visual studio 2017\projects\projekt\projekt\debug\projekt.tlog\cl.write.1.tlog
c:\users\domin\documents\visual studio 2017\projects\projekt\projekt\debug\projekt.tlog\link.command.1.tlog
c:\users\domin\documents\visual studio 2017\projects\projekt\projekt\debug\projekt.tlog\link.read.1.tlog
c:\users\domin\documents\visual studio 2017\projects\projekt\projekt\debug\projekt.tlog\link.write.1.tlog
c:\users\domin\documents\visual studio 2017\projects\projekt\projekt\debug\projekt.tlog\rc.command.1.tlog
c:\users\domin\documents\visual studio 2017\projects\projekt\projekt\debug\projekt.tlog\rc.read.1.tlog
c:\users\domin\documents\visual studio 2017\projects\projekt\projekt\debug\projekt.tlog\rc.write.1.tlog
